==7064== Memcheck, a memory error detector
==7064== Copyright (C) 2002-2015, and GNU GPL'd, by Julian Seward et al.
==7064== Using Valgrind-3.11.0 and LibVEX; rerun with -h for copyright info
==7064== Command: ./bomberman
==7064== Parent PID: 3450
==7064== 
==7064== 
==7064== Process terminating with default action of signal 2 (SIGINT)
==7064==    at 0x954ECF0: ??? (in /usr/lib/x86_64-linux-gnu/dri/i965_dri.so)
==7064==    by 0x95500AE: ??? (in /usr/lib/x86_64-linux-gnu/dri/i965_dri.so)
==7064==    by 0x954E570: ??? (in /usr/lib/x86_64-linux-gnu/dri/i965_dri.so)
==7064==    by 0x954D619: ??? (in /usr/lib/x86_64-linux-gnu/dri/i965_dri.so)
==7064==    by 0x927D944: ??? (in /usr/lib/x86_64-linux-gnu/dri/i965_dri.so)
==7064==    by 0x927F1DF: ??? (in /usr/lib/x86_64-linux-gnu/dri/i965_dri.so)
==7064==    by 0x526884: irr::video::COpenGLTexture::uploadTexture(bool, void*, unsigned int) (COpenGLTexture.cpp:378)
==7064==    by 0x525A62: irr::video::COpenGLTexture::COpenGLTexture(irr::video::IImage*, irr::core::string<char, irr::core::irrAllocator<char> > const&, void*, irr::video::COpenGLDriver*) (COpenGLTexture.cpp:50)
==7064==    by 0x515F0D: irr::video::COpenGLDriver::createDeviceDependentTexture(irr::video::IImage*, irr::core::string<char, irr::core::irrAllocator<char> > const&, void*) (COpenGLDriver.cpp:2511)
==7064==    by 0x503E8C: irr::video::CNullDriver::loadTextureFromFile(irr::io::IReadFile*, irr::core::string<char, irr::core::irrAllocator<char> > const&) (CNullDriver.cpp:509)
==7064==    by 0x503C1B: irr::video::CNullDriver::getTexture(irr::core::string<char, irr::core::irrAllocator<char> > const&) (CNullDriver.cpp:452)
==7064==    by 0x425B1D: BomberManTexture::loadTexture() (Texture.cpp:128)
==7064== 
==7064== HEAP SUMMARY:
==7064==     in use at exit: 995,440,488 bytes in 45,538 blocks
==7064==   total heap usage: 119,244 allocs, 73,706 frees, 1,283,928,217 bytes allocated
==7064== 
==7064== LEAK SUMMARY:
==7064==    definitely lost: 523,571,800 bytes in 61 blocks
==7064==    indirectly lost: 0 bytes in 0 blocks
==7064==      possibly lost: 26,634,857 bytes in 41,994 blocks
==7064==    still reachable: 445,233,831 bytes in 3,483 blocks
==7064==                       of which reachable via heuristic:
==7064==                         newarray           : 32,112 bytes in 6 blocks
==7064==         suppressed: 0 bytes in 0 blocks
==7064== Rerun with --leak-check=full to see details of leaked memory
==7064== 
==7064== For counts of detected and suppressed errors, rerun with: -v
==7064== ERROR SUMMARY: 0 errors from 0 contexts (suppressed: 0 from 0)
