==8921== Memcheck, a memory error detector
==8921== Copyright (C) 2002-2013, and GNU GPL'd, by Julian Seward et al.
==8921== Using Valgrind-3.10.0 and LibVEX; rerun with -h for copyright info
==8921== Command: ./bomberman
==8921== Parent PID: 2746
==8921== 
==8921== Conditional jump or move depends on uninitialised value(s)
==8921==    at 0x40F3AB: irr::core::string<char, irr::core::irrAllocator<char> >& irr::core::string<char, irr::core::irrAllocator<char> >::operator=<char>(char const*) (irrString.h:361)
==8921==    by 0x45773C: irr::CIrrDeviceLinux::activateJoysticks(irr::core::array<irr::SJoystickInfo, irr::core::irrAllocator<irr::SJoystickInfo> >&) (CIrrDeviceLinux.cpp:1703)
==8921==    by 0x41A0C9: EventGame::EventGame() (EventGame.cpp:37)
==8921==    by 0x41DFB3: GameManager::GameManager() (GameManager.cpp:40)
==8921==    by 0x41E2FA: GameManager::SharedInstance() (GameManager.cpp:86)
==8921==    by 0x40A345: main (main.cpp:15)
==8921== 
==8921== Conditional jump or move depends on uninitialised value(s)
==8921==    at 0x6A65ED0: vfprintf (in /lib64/libc-2.19.so)
==8921==    by 0x6A899EA: vsprintf (in /lib64/libc-2.19.so)
==8921==    by 0x6A6E6C6: sprintf (in /lib64/libc-2.19.so)
==8921==    by 0x45781B: irr::CIrrDeviceLinux::activateJoysticks(irr::core::array<irr::SJoystickInfo, irr::core::irrAllocator<irr::SJoystickInfo> >&) (CIrrDeviceLinux.cpp:1714)
==8921==    by 0x41A0C9: EventGame::EventGame() (EventGame.cpp:37)
==8921==    by 0x41DFB3: GameManager::GameManager() (GameManager.cpp:40)
==8921==    by 0x41E2FA: GameManager::SharedInstance() (GameManager.cpp:86)
==8921==    by 0x40A345: main (main.cpp:15)
==8921== 
==8921== Conditional jump or move depends on uninitialised value(s)
==8921==    at 0x4C2C688: strlen (in /usr/lib64/valgrind/vgpreload_memcheck-amd64-linux.so)
==8921==    by 0x6A88F8B: puts (in /lib64/libc-2.19.so)
==8921==    by 0x462171: irr::os::Printer::print(char const*) (os.cpp:150)
==8921==    by 0x46164E: irr::CLogger::log(char const*, irr::ELOG_LEVEL) (CLogger.cpp:46)
==8921==    by 0x462212: irr::os::Printer::log(char const*, irr::ELOG_LEVEL) (os.cpp:176)
==8921==    by 0x45782F: irr::CIrrDeviceLinux::activateJoysticks(irr::core::array<irr::SJoystickInfo, irr::core::irrAllocator<irr::SJoystickInfo> >&) (CIrrDeviceLinux.cpp:1715)
==8921==    by 0x41A0C9: EventGame::EventGame() (EventGame.cpp:37)
==8921==    by 0x41DFB3: GameManager::GameManager() (GameManager.cpp:40)
==8921==    by 0x41E2FA: GameManager::SharedInstance() (GameManager.cpp:86)
==8921==    by 0x40A345: main (main.cpp:15)
==8921== 
==8921== Conditional jump or move depends on uninitialised value(s)
==8921==    at 0x6A91FAF: _IO_file_xsputn@@GLIBC_2.2.5 (in /lib64/libc-2.19.so)
==8921==    by 0x6A89026: puts (in /lib64/libc-2.19.so)
==8921==    by 0x462171: irr::os::Printer::print(char const*) (os.cpp:150)
==8921==    by 0x46164E: irr::CLogger::log(char const*, irr::ELOG_LEVEL) (CLogger.cpp:46)
==8921==    by 0x462212: irr::os::Printer::log(char const*, irr::ELOG_LEVEL) (os.cpp:176)
==8921==    by 0x45782F: irr::CIrrDeviceLinux::activateJoysticks(irr::core::array<irr::SJoystickInfo, irr::core::irrAllocator<irr::SJoystickInfo> >&) (CIrrDeviceLinux.cpp:1715)
==8921==    by 0x41A0C9: EventGame::EventGame() (EventGame.cpp:37)
==8921==    by 0x41DFB3: GameManager::GameManager() (GameManager.cpp:40)
==8921==    by 0x41E2FA: GameManager::SharedInstance() (GameManager.cpp:86)
==8921==    by 0x40A345: main (main.cpp:15)
==8921== 
==8921== Syscall param write(buf) points to uninitialised byte(s)
==8921==    at 0x6AF6CF0: __write_nocancel (in /lib64/libc-2.19.so)
==8921==    by 0x6A91A02: _IO_file_write@@GLIBC_2.2.5 (in /lib64/libc-2.19.so)
==8921==    by 0x6A910C2: new_do_write (in /lib64/libc-2.19.so)
==8921==    by 0x6A92834: _IO_do_write@@GLIBC_2.2.5 (in /lib64/libc-2.19.so)
==8921==    by 0x6A92B82: _IO_file_overflow@@GLIBC_2.2.5 (in /lib64/libc-2.19.so)
==8921==    by 0x6A890C1: puts (in /lib64/libc-2.19.so)
==8921==    by 0x462171: irr::os::Printer::print(char const*) (os.cpp:150)
==8921==    by 0x46164E: irr::CLogger::log(char const*, irr::ELOG_LEVEL) (CLogger.cpp:46)
==8921==    by 0x462212: irr::os::Printer::log(char const*, irr::ELOG_LEVEL) (os.cpp:176)
==8921==    by 0x45782F: irr::CIrrDeviceLinux::activateJoysticks(irr::core::array<irr::SJoystickInfo, irr::core::irrAllocator<irr::SJoystickInfo> >&) (CIrrDeviceLinux.cpp:1715)
==8921==    by 0x41A0C9: EventGame::EventGame() (EventGame.cpp:37)
==8921==    by 0x41DFB3: GameManager::GameManager() (GameManager.cpp:40)
==8921==  Address 0x4021025 is not stack'd, malloc'd or (recently) free'd
==8921== 
==8921== Conditional jump or move depends on uninitialised value(s)
==8921==    at 0x40F3AB: irr::core::string<char, irr::core::irrAllocator<char> >& irr::core::string<char, irr::core::irrAllocator<char> >::operator=<char>(char const*) (irrString.h:361)
==8921==    by 0x45773C: irr::CIrrDeviceLinux::activateJoysticks(irr::core::array<irr::SJoystickInfo, irr::core::irrAllocator<irr::SJoystickInfo> >&) (CIrrDeviceLinux.cpp:1703)
==8921==    by 0x430742: UIEventReceiver::UIEventReceiver(UIManager const&) (UIEventReceiver.cpp:18)
==8921==    by 0x41F5EF: GameManager::run() (GameManager.cpp:122)
==8921==    by 0x40A34D: main (main.cpp:15)
==8921== 
==8921== 
==8921== HEAP SUMMARY:
==8921==     in use at exit: 73,427 bytes in 1,256 blocks
==8921==   total heap usage: 881,838 allocs, 880,582 frees, 6,792,308,461 bytes allocated
==8921== 
==8921== 8 bytes in 1 blocks are definitely lost in loss record 4 of 96
==8921==    at 0x4C29670: operator new(unsigned long) (in /usr/lib64/valgrind/vgpreload_memcheck-amd64-linux.so)
==8921==    by 0x43A8AC: FragBomb::killObjects(irr::core::vector2d<float> const&) (FragBomb.cpp:142)
==8921==    by 0x43A9EE: FragBomb::willExplose() (FragBomb.cpp:50)
==8921==    by 0x4394E7: ABomb::dead() (ABomb.cpp:124)
==8921==    by 0x421CBF: GameObjectTimeContainer::callTimeOutObjects() (GameObjectTimeContainer.cpp:86)
==8921==    by 0x41F311: GameManager::onGame() (GameManager.cpp:314)
==8921==    by 0x41F725: GameManager::run() (GameManager.cpp:139)
==8921==    by 0x40A34D: main (main.cpp:15)
==8921== 
==8921== 37 bytes in 2 blocks are definitely lost in loss record 21 of 96
==8921==    at 0x4C29110: malloc (in /usr/lib64/valgrind/vgpreload_memcheck-amd64-linux.so)
==8921==    by 0x6A9EFF9: strdup (in /lib64/libc-2.19.so)
==8921==    by 0x97076DC: ??? (in /usr/lib64/dri/i965_dri.so)
==8921==    by 0x9710084: ??? (in /usr/lib64/dri/i965_dri.so)
==8921==    by 0x971980C: ??? (in /usr/lib64/dri/i965_dri.so)
==8921==    by 0x95B7EDD: ??? (in /usr/lib64/dri/i965_dri.so)
==8921==    by 0x969CCA2: ??? (in /usr/lib64/dri/i965_dri.so)
==8921==    by 0x969CE23: ??? (in /usr/lib64/dri/i965_dri.so)
==8921==    by 0x969D07A: ??? (in /usr/lib64/dri/i965_dri.so)
==8921==    by 0x969C57E: ??? (in /usr/lib64/dri/i965_dri.so)
==8921==    by 0x9581DF7: ??? (in /usr/lib64/dri/i965_dri.so)
==8921==    by 0x51FC56: irr::video::COpenGLExtensionHandler::extGlGenerateMipmap(unsigned int) (COpenGLExtensionHandler.h:2108)
==8921== 
==8921== 63 bytes in 4 blocks are definitely lost in loss record 24 of 96
==8921==    at 0x4C29110: malloc (in /usr/lib64/valgrind/vgpreload_memcheck-amd64-linux.so)
==8921==    by 0x6A9EFF9: strdup (in /lib64/libc-2.19.so)
==8921==    by 0x97076DC: ??? (in /usr/lib64/dri/i965_dri.so)
==8921==    by 0x9710084: ??? (in /usr/lib64/dri/i965_dri.so)
==8921==    by 0x971980C: ??? (in /usr/lib64/dri/i965_dri.so)
==8921==    by 0x95B7EDD: ??? (in /usr/lib64/dri/i965_dri.so)
==8921==    by 0x969CCA2: ??? (in /usr/lib64/dri/i965_dri.so)
==8921==    by 0x97EA635: ??? (in /usr/lib64/dri/i965_dri.so)
==8921==    by 0x97EB07C: ??? (in /usr/lib64/dri/i965_dri.so)
==8921==    by 0x97A4E47: ??? (in /usr/lib64/dri/i965_dri.so)
==8921==    by 0x508813: irr::video::COpenGLDriver::clearBuffers(bool, bool, bool, irr::video::SColor) (COpenGLDriver.cpp:893)
==8921==    by 0x5088C1: irr::video::COpenGLDriver::beginScene(bool, bool, irr::video::SColor, irr::video::SExposedVideoData const&, irr::core::rect<int>*) (COpenGLDriver.cpp:929)
==8921== 
==8921== 120 bytes in 3 blocks are definitely lost in loss record 52 of 96
==8921==    at 0x4C2B200: calloc (in /usr/lib64/valgrind/vgpreload_memcheck-amd64-linux.so)
==8921==    by 0x9728F31: ??? (in /usr/lib64/dri/i965_dri.so)
==8921==    by 0x969CECC: ??? (in /usr/lib64/dri/i965_dri.so)
==8921==    by 0x969C57E: ??? (in /usr/lib64/dri/i965_dri.so)
==8921==    by 0x9581DF7: ??? (in /usr/lib64/dri/i965_dri.so)
==8921==    by 0x51FC56: irr::video::COpenGLExtensionHandler::extGlGenerateMipmap(unsigned int) (COpenGLExtensionHandler.h:2108)
==8921==    by 0x51DA38: irr::video::COpenGLTexture::uploadTexture(bool, void*, unsigned int) (COpenGLTexture.cpp:387)
==8921==    by 0x51CB46: irr::video::COpenGLTexture::COpenGLTexture(irr::video::IImage*, irr::core::string<char, irr::core::irrAllocator<char> > const&, void*, irr::video::COpenGLDriver*) (COpenGLTexture.cpp:50)
==8921==    by 0x50CFF1: irr::video::COpenGLDriver::createDeviceDependentTexture(irr::video::IImage*, irr::core::string<char, irr::core::irrAllocator<char> > const&, void*) (COpenGLDriver.cpp:2511)
==8921==    by 0x4FAF70: irr::video::CNullDriver::loadTextureFromFile(irr::io::IReadFile*, irr::core::string<char, irr::core::irrAllocator<char> > const&) (CNullDriver.cpp:509)
==8921==    by 0x4FACFF: irr::video::CNullDriver::getTexture(irr::core::string<char, irr::core::irrAllocator<char> > const&) (CNullDriver.cpp:452)
==8921==    by 0x410B68: AGameObject::AGameObject(irr::core::vector2d<float> const&, std::string const&, std::string const&, AGameObject::Type, double) (AGameObject.cpp:56)
==8921== 
==8921== 990 bytes in 22 blocks are definitely lost in loss record 67 of 96
==8921==    at 0x4C2B200: calloc (in /usr/lib64/valgrind/vgpreload_memcheck-amd64-linux.so)
==8921==    by 0x9728F31: ??? (in /usr/lib64/dri/i965_dri.so)
==8921==    by 0x972927C: ??? (in /usr/lib64/dri/i965_dri.so)
==8921==    by 0x9729336: ??? (in /usr/lib64/dri/i965_dri.so)
==8921==    by 0x96DF012: ??? (in /usr/lib64/dri/i965_dri.so)
==8921==    by 0x96DF5D4: ??? (in /usr/lib64/dri/i965_dri.so)
==8921==    by 0x96E3DAE: ??? (in /usr/lib64/dri/i965_dri.so)
==8921==    by 0x96CB359: ??? (in /usr/lib64/dri/i965_dri.so)
==8921==    by 0x96D174B: ??? (in /usr/lib64/dri/i965_dri.so)
==8921==    by 0x96D2002: ??? (in /usr/lib64/dri/i965_dri.so)
==8921==    by 0x96D205E: ??? (in /usr/lib64/dri/i965_dri.so)
==8921==    by 0x96D3D98: ??? (in /usr/lib64/dri/i965_dri.so)
==8921== 
==8921== 990 bytes in 22 blocks are definitely lost in loss record 68 of 96
==8921==    at 0x4C2B200: calloc (in /usr/lib64/valgrind/vgpreload_memcheck-amd64-linux.so)
==8921==    by 0x9728F31: ??? (in /usr/lib64/dri/i965_dri.so)
==8921==    by 0x972927C: ??? (in /usr/lib64/dri/i965_dri.so)
==8921==    by 0x9729336: ??? (in /usr/lib64/dri/i965_dri.so)
==8921==    by 0x96DF012: ??? (in /usr/lib64/dri/i965_dri.so)
==8921==    by 0x96DF5EA: ??? (in /usr/lib64/dri/i965_dri.so)
==8921==    by 0x96E3DAE: ??? (in /usr/lib64/dri/i965_dri.so)
==8921==    by 0x96CB359: ??? (in /usr/lib64/dri/i965_dri.so)
==8921==    by 0x96D174B: ??? (in /usr/lib64/dri/i965_dri.so)
==8921==    by 0x96D2002: ??? (in /usr/lib64/dri/i965_dri.so)
==8921==    by 0x96D205E: ??? (in /usr/lib64/dri/i965_dri.so)
==8921==    by 0x96D3D98: ??? (in /usr/lib64/dri/i965_dri.so)
==8921== 
==8921== 990 bytes in 22 blocks are definitely lost in loss record 69 of 96
==8921==    at 0x4C2B200: calloc (in /usr/lib64/valgrind/vgpreload_memcheck-amd64-linux.so)
==8921==    by 0x9728F31: ??? (in /usr/lib64/dri/i965_dri.so)
==8921==    by 0x972927C: ??? (in /usr/lib64/dri/i965_dri.so)
==8921==    by 0x9729336: ??? (in /usr/lib64/dri/i965_dri.so)
==8921==    by 0x96DF012: ??? (in /usr/lib64/dri/i965_dri.so)
==8921==    by 0x96DF600: ??? (in /usr/lib64/dri/i965_dri.so)
==8921==    by 0x96E3DAE: ??? (in /usr/lib64/dri/i965_dri.so)
==8921==    by 0x96CB359: ??? (in /usr/lib64/dri/i965_dri.so)
==8921==    by 0x96D174B: ??? (in /usr/lib64/dri/i965_dri.so)
==8921==    by 0x96D2002: ??? (in /usr/lib64/dri/i965_dri.so)
==8921==    by 0x96D205E: ??? (in /usr/lib64/dri/i965_dri.so)
==8921==    by 0x96D3D98: ??? (in /usr/lib64/dri/i965_dri.so)
==8921== 
==8921== 990 bytes in 22 blocks are definitely lost in loss record 70 of 96
==8921==    at 0x4C2B200: calloc (in /usr/lib64/valgrind/vgpreload_memcheck-amd64-linux.so)
==8921==    by 0x9728F31: ??? (in /usr/lib64/dri/i965_dri.so)
==8921==    by 0x972927C: ??? (in /usr/lib64/dri/i965_dri.so)
==8921==    by 0x9729336: ??? (in /usr/lib64/dri/i965_dri.so)
==8921==    by 0x96DF012: ??? (in /usr/lib64/dri/i965_dri.so)
==8921==    by 0x96DF616: ??? (in /usr/lib64/dri/i965_dri.so)
==8921==    by 0x96E3DAE: ??? (in /usr/lib64/dri/i965_dri.so)
==8921==    by 0x96CB359: ??? (in /usr/lib64/dri/i965_dri.so)
==8921==    by 0x96D174B: ??? (in /usr/lib64/dri/i965_dri.so)
==8921==    by 0x96D2002: ??? (in /usr/lib64/dri/i965_dri.so)
==8921==    by 0x96D205E: ??? (in /usr/lib64/dri/i965_dri.so)
==8921==    by 0x96D3D98: ??? (in /usr/lib64/dri/i965_dri.so)
==8921== 
==8921== 990 bytes in 22 blocks are definitely lost in loss record 71 of 96
==8921==    at 0x4C2B200: calloc (in /usr/lib64/valgrind/vgpreload_memcheck-amd64-linux.so)
==8921==    by 0x9728F31: ??? (in /usr/lib64/dri/i965_dri.so)
==8921==    by 0x972927C: ??? (in /usr/lib64/dri/i965_dri.so)
==8921==    by 0x9729336: ??? (in /usr/lib64/dri/i965_dri.so)
==8921==    by 0x96DF012: ??? (in /usr/lib64/dri/i965_dri.so)
==8921==    by 0x96DF62C: ??? (in /usr/lib64/dri/i965_dri.so)
==8921==    by 0x96E3DAE: ??? (in /usr/lib64/dri/i965_dri.so)
==8921==    by 0x96CB359: ??? (in /usr/lib64/dri/i965_dri.so)
==8921==    by 0x96D174B: ??? (in /usr/lib64/dri/i965_dri.so)
==8921==    by 0x96D2002: ??? (in /usr/lib64/dri/i965_dri.so)
==8921==    by 0x96D205E: ??? (in /usr/lib64/dri/i965_dri.so)
==8921==    by 0x96D3D98: ??? (in /usr/lib64/dri/i965_dri.so)
==8921== 
==8921== 990 bytes in 22 blocks are definitely lost in loss record 72 of 96
==8921==    at 0x4C2B200: calloc (in /usr/lib64/valgrind/vgpreload_memcheck-amd64-linux.so)
==8921==    by 0x9728F31: ??? (in /usr/lib64/dri/i965_dri.so)
==8921==    by 0x972927C: ??? (in /usr/lib64/dri/i965_dri.so)
==8921==    by 0x9729336: ??? (in /usr/lib64/dri/i965_dri.so)
==8921==    by 0x96DF012: ??? (in /usr/lib64/dri/i965_dri.so)
==8921==    by 0x96DF642: ??? (in /usr/lib64/dri/i965_dri.so)
==8921==    by 0x96E3DAE: ??? (in /usr/lib64/dri/i965_dri.so)
==8921==    by 0x96CB359: ??? (in /usr/lib64/dri/i965_dri.so)
==8921==    by 0x96D174B: ??? (in /usr/lib64/dri/i965_dri.so)
==8921==    by 0x96D2002: ??? (in /usr/lib64/dri/i965_dri.so)
==8921==    by 0x96D205E: ??? (in /usr/lib64/dri/i965_dri.so)
==8921==    by 0x96D3D98: ??? (in /usr/lib64/dri/i965_dri.so)
==8921== 
==8921== 990 bytes in 22 blocks are definitely lost in loss record 73 of 96
==8921==    at 0x4C2B200: calloc (in /usr/lib64/valgrind/vgpreload_memcheck-amd64-linux.so)
==8921==    by 0x9728F31: ??? (in /usr/lib64/dri/i965_dri.so)
==8921==    by 0x972927C: ??? (in /usr/lib64/dri/i965_dri.so)
==8921==    by 0x9729336: ??? (in /usr/lib64/dri/i965_dri.so)
==8921==    by 0x96DF012: ??? (in /usr/lib64/dri/i965_dri.so)
==8921==    by 0x96DF658: ??? (in /usr/lib64/dri/i965_dri.so)
==8921==    by 0x96E3DAE: ??? (in /usr/lib64/dri/i965_dri.so)
==8921==    by 0x96CB359: ??? (in /usr/lib64/dri/i965_dri.so)
==8921==    by 0x96D174B: ??? (in /usr/lib64/dri/i965_dri.so)
==8921==    by 0x96D2002: ??? (in /usr/lib64/dri/i965_dri.so)
==8921==    by 0x96D205E: ??? (in /usr/lib64/dri/i965_dri.so)
==8921==    by 0x96D3D98: ??? (in /usr/lib64/dri/i965_dri.so)
==8921== 
==8921== 990 bytes in 22 blocks are definitely lost in loss record 74 of 96
==8921==    at 0x4C2B200: calloc (in /usr/lib64/valgrind/vgpreload_memcheck-amd64-linux.so)
==8921==    by 0x9728F31: ??? (in /usr/lib64/dri/i965_dri.so)
==8921==    by 0x972927C: ??? (in /usr/lib64/dri/i965_dri.so)
==8921==    by 0x9729336: ??? (in /usr/lib64/dri/i965_dri.so)
==8921==    by 0x96DF012: ??? (in /usr/lib64/dri/i965_dri.so)
==8921==    by 0x96DF4C0: ??? (in /usr/lib64/dri/i965_dri.so)
==8921==    by 0x96F3950: ??? (in /usr/lib64/dri/i965_dri.so)
==8921==    by 0x96CB359: ??? (in /usr/lib64/dri/i965_dri.so)
==8921==    by 0x96D174B: ??? (in /usr/lib64/dri/i965_dri.so)
==8921==    by 0x96D2002: ??? (in /usr/lib64/dri/i965_dri.so)
==8921==    by 0x96D205E: ??? (in /usr/lib64/dri/i965_dri.so)
==8921==    by 0x96D3D98: ??? (in /usr/lib64/dri/i965_dri.so)
==8921== 
==8921== 990 bytes in 22 blocks are definitely lost in loss record 75 of 96
==8921==    at 0x4C2B200: calloc (in /usr/lib64/valgrind/vgpreload_memcheck-amd64-linux.so)
==8921==    by 0x9728F31: ??? (in /usr/lib64/dri/i965_dri.so)
==8921==    by 0x972927C: ??? (in /usr/lib64/dri/i965_dri.so)
==8921==    by 0x9729336: ??? (in /usr/lib64/dri/i965_dri.so)
==8921==    by 0x96DF012: ??? (in /usr/lib64/dri/i965_dri.so)
==8921==    by 0x96DF4DD: ??? (in /usr/lib64/dri/i965_dri.so)
==8921==    by 0x96F3950: ??? (in /usr/lib64/dri/i965_dri.so)
==8921==    by 0x96CB359: ??? (in /usr/lib64/dri/i965_dri.so)
==8921==    by 0x96D174B: ??? (in /usr/lib64/dri/i965_dri.so)
==8921==    by 0x96D2002: ??? (in /usr/lib64/dri/i965_dri.so)
==8921==    by 0x96D205E: ??? (in /usr/lib64/dri/i965_dri.so)
==8921==    by 0x96D3D98: ??? (in /usr/lib64/dri/i965_dri.so)
==8921== 
==8921== 990 bytes in 22 blocks are definitely lost in loss record 76 of 96
==8921==    at 0x4C2B200: calloc (in /usr/lib64/valgrind/vgpreload_memcheck-amd64-linux.so)
==8921==    by 0x9728F31: ??? (in /usr/lib64/dri/i965_dri.so)
==8921==    by 0x972927C: ??? (in /usr/lib64/dri/i965_dri.so)
==8921==    by 0x9729336: ??? (in /usr/lib64/dri/i965_dri.so)
==8921==    by 0x96DF012: ??? (in /usr/lib64/dri/i965_dri.so)
==8921==    by 0x96DF4FA: ??? (in /usr/lib64/dri/i965_dri.so)
==8921==    by 0x96F3950: ??? (in /usr/lib64/dri/i965_dri.so)
==8921==    by 0x96CB359: ??? (in /usr/lib64/dri/i965_dri.so)
==8921==    by 0x96D174B: ??? (in /usr/lib64/dri/i965_dri.so)
==8921==    by 0x96D2002: ??? (in /usr/lib64/dri/i965_dri.so)
==8921==    by 0x96D205E: ??? (in /usr/lib64/dri/i965_dri.so)
==8921==    by 0x96D3D98: ??? (in /usr/lib64/dri/i965_dri.so)
==8921== 
==8921== 990 bytes in 22 blocks are definitely lost in loss record 77 of 96
==8921==    at 0x4C2B200: calloc (in /usr/lib64/valgrind/vgpreload_memcheck-amd64-linux.so)
==8921==    by 0x9728F31: ??? (in /usr/lib64/dri/i965_dri.so)
==8921==    by 0x972927C: ??? (in /usr/lib64/dri/i965_dri.so)
==8921==    by 0x9729336: ??? (in /usr/lib64/dri/i965_dri.so)
==8921==    by 0x96DF012: ??? (in /usr/lib64/dri/i965_dri.so)
==8921==    by 0x96DF517: ??? (in /usr/lib64/dri/i965_dri.so)
==8921==    by 0x96F3950: ??? (in /usr/lib64/dri/i965_dri.so)
==8921==    by 0x96CB359: ??? (in /usr/lib64/dri/i965_dri.so)
==8921==    by 0x96D174B: ??? (in /usr/lib64/dri/i965_dri.so)
==8921==    by 0x96D2002: ??? (in /usr/lib64/dri/i965_dri.so)
==8921==    by 0x96D205E: ??? (in /usr/lib64/dri/i965_dri.so)
==8921==    by 0x96D3D98: ??? (in /usr/lib64/dri/i965_dri.so)
==8921== 
==8921== 990 bytes in 22 blocks are definitely lost in loss record 78 of 96
==8921==    at 0x4C2B200: calloc (in /usr/lib64/valgrind/vgpreload_memcheck-amd64-linux.so)
==8921==    by 0x9728F31: ??? (in /usr/lib64/dri/i965_dri.so)
==8921==    by 0x972927C: ??? (in /usr/lib64/dri/i965_dri.so)
==8921==    by 0x9729336: ??? (in /usr/lib64/dri/i965_dri.so)
==8921==    by 0x96DF012: ??? (in /usr/lib64/dri/i965_dri.so)
==8921==    by 0x96DF534: ??? (in /usr/lib64/dri/i965_dri.so)
==8921==    by 0x96F3950: ??? (in /usr/lib64/dri/i965_dri.so)
==8921==    by 0x96CB359: ??? (in /usr/lib64/dri/i965_dri.so)
==8921==    by 0x96D174B: ??? (in /usr/lib64/dri/i965_dri.so)
==8921==    by 0x96D2002: ??? (in /usr/lib64/dri/i965_dri.so)
==8921==    by 0x96D205E: ??? (in /usr/lib64/dri/i965_dri.so)
==8921==    by 0x96D3D98: ??? (in /usr/lib64/dri/i965_dri.so)
==8921== 
==8921== 990 bytes in 22 blocks are definitely lost in loss record 79 of 96
==8921==    at 0x4C2B200: calloc (in /usr/lib64/valgrind/vgpreload_memcheck-amd64-linux.so)
==8921==    by 0x9728F31: ??? (in /usr/lib64/dri/i965_dri.so)
==8921==    by 0x972927C: ??? (in /usr/lib64/dri/i965_dri.so)
==8921==    by 0x9729336: ??? (in /usr/lib64/dri/i965_dri.so)
==8921==    by 0x96DF012: ??? (in /usr/lib64/dri/i965_dri.so)
==8921==    by 0x96DF551: ??? (in /usr/lib64/dri/i965_dri.so)
==8921==    by 0x96F3950: ??? (in /usr/lib64/dri/i965_dri.so)
==8921==    by 0x96CB359: ??? (in /usr/lib64/dri/i965_dri.so)
==8921==    by 0x96D174B: ??? (in /usr/lib64/dri/i965_dri.so)
==8921==    by 0x96D2002: ??? (in /usr/lib64/dri/i965_dri.so)
==8921==    by 0x96D205E: ??? (in /usr/lib64/dri/i965_dri.so)
==8921==    by 0x96D3D98: ??? (in /usr/lib64/dri/i965_dri.so)
==8921== 
==8921== 990 bytes in 22 blocks are definitely lost in loss record 80 of 96
==8921==    at 0x4C2B200: calloc (in /usr/lib64/valgrind/vgpreload_memcheck-amd64-linux.so)
==8921==    by 0x9728F31: ??? (in /usr/lib64/dri/i965_dri.so)
==8921==    by 0x972927C: ??? (in /usr/lib64/dri/i965_dri.so)
==8921==    by 0x9729336: ??? (in /usr/lib64/dri/i965_dri.so)
==8921==    by 0x96DF012: ??? (in /usr/lib64/dri/i965_dri.so)
==8921==    by 0x96DF56E: ??? (in /usr/lib64/dri/i965_dri.so)
==8921==    by 0x96F3950: ??? (in /usr/lib64/dri/i965_dri.so)
==8921==    by 0x96CB359: ??? (in /usr/lib64/dri/i965_dri.so)
==8921==    by 0x96D174B: ??? (in /usr/lib64/dri/i965_dri.so)
==8921==    by 0x96D2002: ??? (in /usr/lib64/dri/i965_dri.so)
==8921==    by 0x96D205E: ??? (in /usr/lib64/dri/i965_dri.so)
==8921==    by 0x96D3D98: ??? (in /usr/lib64/dri/i965_dri.so)
==8921== 
==8921== 1,485 bytes in 33 blocks are definitely lost in loss record 85 of 96
==8921==    at 0x4C2B200: calloc (in /usr/lib64/valgrind/vgpreload_memcheck-amd64-linux.so)
==8921==    by 0x9728F31: ??? (in /usr/lib64/dri/i965_dri.so)
==8921==    by 0x972927C: ??? (in /usr/lib64/dri/i965_dri.so)
==8921==    by 0x9729336: ??? (in /usr/lib64/dri/i965_dri.so)
==8921==    by 0x96DF012: ??? (in /usr/lib64/dri/i965_dri.so)
==8921==    by 0x96DF5BE: ??? (in /usr/lib64/dri/i965_dri.so)
==8921==    by 0x96E3DAE: ??? (in /usr/lib64/dri/i965_dri.so)
==8921==    by 0x96CB359: ??? (in /usr/lib64/dri/i965_dri.so)
==8921==    by 0x96D174B: ??? (in /usr/lib64/dri/i965_dri.so)
==8921==    by 0x96D2002: ??? (in /usr/lib64/dri/i965_dri.so)
==8921==    by 0x96D205E: ??? (in /usr/lib64/dri/i965_dri.so)
==8921==    by 0x96D3D98: ??? (in /usr/lib64/dri/i965_dri.so)
==8921== 
==8921== 1,485 bytes in 33 blocks are definitely lost in loss record 86 of 96
==8921==    at 0x4C2B200: calloc (in /usr/lib64/valgrind/vgpreload_memcheck-amd64-linux.so)
==8921==    by 0x9728F31: ??? (in /usr/lib64/dri/i965_dri.so)
==8921==    by 0x972927C: ??? (in /usr/lib64/dri/i965_dri.so)
==8921==    by 0x9729336: ??? (in /usr/lib64/dri/i965_dri.so)
==8921==    by 0x96DF012: ??? (in /usr/lib64/dri/i965_dri.so)
==8921==    by 0x96DF4A3: ??? (in /usr/lib64/dri/i965_dri.so)
==8921==    by 0x96F3950: ??? (in /usr/lib64/dri/i965_dri.so)
==8921==    by 0x96CB359: ??? (in /usr/lib64/dri/i965_dri.so)
==8921==    by 0x96D174B: ??? (in /usr/lib64/dri/i965_dri.so)
==8921==    by 0x96D2002: ??? (in /usr/lib64/dri/i965_dri.so)
==8921==    by 0x96D205E: ??? (in /usr/lib64/dri/i965_dri.so)
==8921==    by 0x96D3D98: ??? (in /usr/lib64/dri/i965_dri.so)
==8921== 
==8921== 1,920 bytes in 48 blocks are definitely lost in loss record 87 of 96
==8921==    at 0x4C2B200: calloc (in /usr/lib64/valgrind/vgpreload_memcheck-amd64-linux.so)
==8921==    by 0x9728F31: ??? (in /usr/lib64/dri/i965_dri.so)
==8921==    by 0x969CECC: ??? (in /usr/lib64/dri/i965_dri.so)
==8921==    by 0x969C57E: ??? (in /usr/lib64/dri/i965_dri.so)
==8921==    by 0x9581DF7: ??? (in /usr/lib64/dri/i965_dri.so)
==8921==    by 0x51FC56: irr::video::COpenGLExtensionHandler::extGlGenerateMipmap(unsigned int) (COpenGLExtensionHandler.h:2108)
==8921==    by 0x51DA38: irr::video::COpenGLTexture::uploadTexture(bool, void*, unsigned int) (COpenGLTexture.cpp:387)
==8921==    by 0x51CB46: irr::video::COpenGLTexture::COpenGLTexture(irr::video::IImage*, irr::core::string<char, irr::core::irrAllocator<char> > const&, void*, irr::video::COpenGLDriver*) (COpenGLTexture.cpp:50)
==8921==    by 0x50CFF1: irr::video::COpenGLDriver::createDeviceDependentTexture(irr::video::IImage*, irr::core::string<char, irr::core::irrAllocator<char> > const&, void*) (COpenGLDriver.cpp:2511)
==8921==    by 0x4FAF70: irr::video::CNullDriver::loadTextureFromFile(irr::io::IReadFile*, irr::core::string<char, irr::core::irrAllocator<char> > const&) (CNullDriver.cpp:509)
==8921==    by 0x4FACFF: irr::video::CNullDriver::getTexture(irr::core::string<char, irr::core::irrAllocator<char> > const&) (CNullDriver.cpp:452)
==8921==    by 0x420CD0: BomberManTexture::loadTexture() (Texture.cpp:133)
==8921== 
==8921== 1,980 bytes in 44 blocks are definitely lost in loss record 88 of 96
==8921==    at 0x4C2B200: calloc (in /usr/lib64/valgrind/vgpreload_memcheck-amd64-linux.so)
==8921==    by 0x9728F31: ??? (in /usr/lib64/dri/i965_dri.so)
==8921==    by 0x972927C: ??? (in /usr/lib64/dri/i965_dri.so)
==8921==    by 0x9729336: ??? (in /usr/lib64/dri/i965_dri.so)
==8921==    by 0x96DF012: ??? (in /usr/lib64/dri/i965_dri.so)
==8921==    by 0x96E3DAE: ??? (in /usr/lib64/dri/i965_dri.so)
==8921==    by 0x96CB359: ??? (in /usr/lib64/dri/i965_dri.so)
==8921==    by 0x96D174B: ??? (in /usr/lib64/dri/i965_dri.so)
==8921==    by 0x96D2002: ??? (in /usr/lib64/dri/i965_dri.so)
==8921==    by 0x96D205E: ??? (in /usr/lib64/dri/i965_dri.so)
==8921==    by 0x96D3D98: ??? (in /usr/lib64/dri/i965_dri.so)
==8921==    by 0x96CEC5F: ??? (in /usr/lib64/dri/i965_dri.so)
==8921== 
==8921== 1,980 bytes in 44 blocks are definitely lost in loss record 89 of 96
==8921==    at 0x4C2B200: calloc (in /usr/lib64/valgrind/vgpreload_memcheck-amd64-linux.so)
==8921==    by 0x9728F31: ??? (in /usr/lib64/dri/i965_dri.so)
==8921==    by 0x972927C: ??? (in /usr/lib64/dri/i965_dri.so)
==8921==    by 0x9729336: ??? (in /usr/lib64/dri/i965_dri.so)
==8921==    by 0x96DF012: ??? (in /usr/lib64/dri/i965_dri.so)
==8921==    by 0x96F3950: ??? (in /usr/lib64/dri/i965_dri.so)
==8921==    by 0x96CB359: ??? (in /usr/lib64/dri/i965_dri.so)
==8921==    by 0x96D174B: ??? (in /usr/lib64/dri/i965_dri.so)
==8921==    by 0x96D2002: ??? (in /usr/lib64/dri/i965_dri.so)
==8921==    by 0x96D205E: ??? (in /usr/lib64/dri/i965_dri.so)
==8921==    by 0x96D3D98: ??? (in /usr/lib64/dri/i965_dri.so)
==8921==    by 0x96CEC5F: ??? (in /usr/lib64/dri/i965_dri.so)
==8921== 
==8921== 12,640 bytes in 316 blocks are definitely lost in loss record 96 of 96
==8921==    at 0x4C2B200: calloc (in /usr/lib64/valgrind/vgpreload_memcheck-amd64-linux.so)
==8921==    by 0x9728F31: ??? (in /usr/lib64/dri/i965_dri.so)
==8921==    by 0x969CECC: ??? (in /usr/lib64/dri/i965_dri.so)
==8921==    by 0x969C57E: ??? (in /usr/lib64/dri/i965_dri.so)
==8921==    by 0x9581DF7: ??? (in /usr/lib64/dri/i965_dri.so)
==8921==    by 0x51FC56: irr::video::COpenGLExtensionHandler::extGlGenerateMipmap(unsigned int) (COpenGLExtensionHandler.h:2108)
==8921==    by 0x51DA38: irr::video::COpenGLTexture::uploadTexture(bool, void*, unsigned int) (COpenGLTexture.cpp:387)
==8921==    by 0x51CB46: irr::video::COpenGLTexture::COpenGLTexture(irr::video::IImage*, irr::core::string<char, irr::core::irrAllocator<char> > const&, void*, irr::video::COpenGLDriver*) (COpenGLTexture.cpp:50)
==8921==    by 0x50CFF1: irr::video::COpenGLDriver::createDeviceDependentTexture(irr::video::IImage*, irr::core::string<char, irr::core::irrAllocator<char> > const&, void*) (COpenGLDriver.cpp:2511)
==8921==    by 0x4FAF70: irr::video::CNullDriver::loadTextureFromFile(irr::io::IReadFile*, irr::core::string<char, irr::core::irrAllocator<char> > const&) (CNullDriver.cpp:509)
==8921==    by 0x4FACFF: irr::video::CNullDriver::getTexture(irr::core::string<char, irr::core::irrAllocator<char> > const&) (CNullDriver.cpp:452)
==8921==    by 0x40EE8E: Intro::run() (Intro.cpp:62)
==8921== 
==8921== LEAK SUMMARY:
==8921==    definitely lost: 35,578 bytes in 836 blocks
==8921==    indirectly lost: 0 bytes in 0 blocks
==8921==      possibly lost: 0 bytes in 0 blocks
==8921==    still reachable: 37,849 bytes in 420 blocks
==8921==         suppressed: 0 bytes in 0 blocks
==8921== Reachable blocks (those to which a pointer was found) are not shown.
==8921== To see them, rerun with: --leak-check=full --show-leak-kinds=all
==8921== 
==8921== For counts of detected and suppressed errors, rerun with: -v
==8921== Use --track-origins=yes to see where uninitialised values come from
==8921== ERROR SUMMARY: 246 errors from 30 contexts (suppressed: 0 from 0)
