######################BEGIN######################
Exporting UV texture coordinates for transformZiggs.002
Exporting transformZiggs.002
Header Information
Ident: IDP3
Version: 15
Name: 
Flags: 0
Number of Frames: 248
Number of Tags: 0
Number of Surfaces: 1
Number of Skins: 0
Offset Frames: 108
Offset Tags: 13996
Offset Surfaces: 13996
Offset end: 8205840
Total Shaders: 1
Total Triangles: 6189
Total Vertices: 4075
MD3 saved to /home/consta_n/Epitech/rendu/cpp_indie_studio/media/ziggs.md3
Elapsed 21.22338 seconds
