######################BEGIN######################
Exporting UV texture coordinates for transformziggs_general
Exporting transformziggs_general
Header Information
Ident: IDP3
Version: 15
Name: 
Flags: 0
Number of Frames: 248
Number of Tags: 0
Number of Surfaces: 1
Number of Skins: 0
Offset Frames: 108
Offset Tags: 13996
Offset Surfaces: 13996
Offset end: 10494564
Total Shaders: 1
Total Triangles: 7676
Total Vertices: 5215
MD3 saved to /home/consta_n/Epitech/rendu/cpp_indie_studio/media/ziggs_general.md3
Elapsed 26.83581 seconds
