######################BEGIN######################
Exporting UV texture coordinates for transformziggs_snowday
Exporting transformziggs_snowday
Header Information
Ident: IDP3
Version: 15
Name: 
Flags: 0
Number of Frames: 248
Number of Tags: 0
Number of Surfaces: 1
Number of Skins: 0
Offset Frames: 108
Offset Tags: 13996
Offset Surfaces: 13996
Offset end: 5856324
Total Shaders: 1
Total Triangles: 4616
Total Vertices: 2905
MD3 saved to /home/consta_n/Epitech/rendu/cpp_indie_studio/media/ziggs_snow.md3
Elapsed 15.75119 seconds
